#
# There is insufficient memory for the Java Runtime Environment to continue.
# Native memory allocation (mmap) failed to map 268435456 bytes for G1 virtual space
# Possible reasons:
#   The system is out of physical RAM or swap space
#   The process is running with CompressedOops enabled, and the Java Heap may be blocking the growth of the native heap
# Possible solutions:
#   Reduce memory load on the system
#   Increase physical memory or swap space
#   Check if swap backing store is full
#   Decrease Java heap size (-Xmx/-Xms)
#   Decrease number of Java threads
#   Decrease Java thread stack sizes (-Xss)
#   Set larger code cache with -XX:ReservedCodeCacheSize=
#   JVM is running with Zero Based Compressed Oops mode in which the Java heap is
#     placed in the first 32GB address space. The Java Heap base address is the
#     maximum limit for the native heap growth. Please use -XX:HeapBaseMinAddress
#     to set the Java Heap base and to place the Java Heap above 32GB virtual address.
# This output file may be truncated or incomplete.
#
#  Out of Memory Error (os_windows.cpp:3527), pid=12220, tid=1028
#
# JRE version:  (19.0.1+10) (build )
# Java VM: Java HotSpot(TM) 64-Bit Server VM (19.0.1+10-21, mixed mode, sharing, tiered, compressed oops, compressed class ptrs, g1 gc, windows-amd64)
# No core dump will be written. Minidumps are not enabled by default on client versions of Windows
#

---------------  S U M M A R Y ------------

Command Line: -XX:+ShowCodeDetailsInExceptionMessages caracteresespeciales

Host: Intel(R) Core(TM) i7-4770 CPU @ 3.40GHz, 8 cores, 15G,  Windows 10 , 64 bit Build 19041 (10.0.19041.3570)
Time: Mon Jan 15 04:15:39 2024 Hora est. Pacífico, Sudamérica elapsed time: 0.013777 seconds (0d 0h 0m 0s)

---------------  T H R E A D  ---------------

Current thread (0x000001a837a29380):  JavaThread "Unknown thread" [_thread_in_vm, id=1028, stack(0x00000091cbd00000,0x00000091cbe00000)]

Stack: [0x00000091cbd00000,0x00000091cbe00000]
Native frames: (J=compiled Java code, j=interpreted, Vv=VM code, C=native code)
V  [jvm.dll+0x6ee8fa]
V  [jvm.dll+0x857a1e]
V  [jvm.dll+0x85940e]
V  [jvm.dll+0x859ac3]
V  [jvm.dll+0x28291f]
V  [jvm.dll+0x6eb6e9]
V  [jvm.dll+0x6e028a]
V  [jvm.dll+0x357136]
V  [jvm.dll+0x35eb96]
V  [jvm.dll+0x3b555e]
V  [jvm.dll+0x3b578f]
V  [jvm.dll+0x32c6ea]
V  [jvm.dll+0x32d59e]
V  [jvm.dll+0x821b20]
V  [jvm.dll+0x3c27c1]
V  [jvm.dll+0x8022f1]
V  [jvm.dll+0x44b30f]
V  [jvm.dll+0x44cc91]
C  [jli.dll+0x5287]
C  [ucrtbase.dll+0x21bb2]
C  [KERNEL32.DLL+0x17344]
C  [ntdll.dll+0x526b1]


---------------  P R O C E S S  ---------------

Threads class SMR info:
_java_thread_list=0x00007ffb28cdd048, length=0, elements={
}

Java Threads: ( => current thread )

Other Threads:
  0x000001a837a9b790 WorkerThread "GC Thread#0" [stack: 0x00000091cbe00000,0x00000091cbf00000] [id=2456]
  0x000001a837aac7a0 ConcurrentGCThread "G1 Main Marker" [stack: 0x00000091cbf00000,0x00000091cc000000] [id=6700]
  0x000001a837aad970 WorkerThread "G1 Conc#0" [stack: 0x00000091cc000000,0x00000091cc100000] [id=3784]

[error occurred during error reporting (printing all threads), id 0xc0000005, EXCEPTION_ACCESS_VIOLATION (0xc0000005) at pc=0x00007ffb2849d127]

VM state: not at safepoint (not fully initialized)

VM Mutex/Monitor currently owned by a thread:  ([mutex/lock_event])
[0x000001a837a23060] Heap_lock - owner thread: 0x000001a837a29380

Heap address: 0x0000000700e00000, size: 4082 MB, Compressed Oops mode: Zero based, Oop shift amount: 3

CDS archive(s) mapped at: [0x0000000000000000-0x0000000000000000-0x0000000000000000), size 0, SharedBaseAddress: 0x0000000800000000, ArchiveRelocationMode: 0.
Narrow klass base: 0x0000000000000000, Narrow klass shift: 0, Narrow klass range: 0x0

GC Precious Log:
 CardTable entry size: 512
 Card Set container configuration: InlinePtr #cards 4 size 8 Array Of Cards #cards 16 size 48 Howl #buckets 8 coarsen threshold 3686 Howl Bitmap #cards 512 size 80 coarsen threshold 460 Card regions per heap region 1 cards per card region 4096

Heap:
 garbage-first heap   total 0K, used 0K [0x0000000700e00000, 0x0000000800000000)
  region size 2048K, 0 young (0K), 0 survivors (0K)

[error occurred during error reporting (printing heap information), id 0xc0000005, EXCEPTION_ACCESS_VIOLATION (0xc0000005) at pc=0x00007ffb288a6959]

GC Heap History (0 events):
No events

Dll operation events (1 events):
Event: 0.008 Loaded shared library C:\Program Files\Java\jdk-19\bin\java.dll

Deoptimization events (0 events):
No events

Classes loaded (0 events):
No events

Classes unloaded (0 events):
No events

Classes redefined (0 events):
No events

Internal exceptions (0 events):
No events

VM Operations (0 events):
No events

Events (0 events):
No events


Dynamic libraries:
0x00007ff7bd330000 - 0x00007ff7bd340000 	C:\Program Files\Java\jdk-19\bin\java.exe
0x00007ffb79bd0000 - 0x00007ffb79dc7000 	C:\Windows\SYSTEM32\ntdll.dll
0x00007ffb77c30000 - 0x00007ffb77ced000 	C:\Windows\System32\KERNEL32.DLL
0x00007ffb777e0000 - 0x00007ffb77ad6000 	C:\Windows\System32\KERNELBASE.dll
0x00007ffb77460000 - 0x00007ffb77560000 	C:\Windows\System32\ucrtbase.dll
0x00007ffb55920000 - 0x00007ffb5593b000 	C:\Program Files\Java\jdk-19\bin\VCRUNTIME140.dll
0x00007ffb54e80000 - 0x00007ffb54e98000 	C:\Program Files\Java\jdk-19\bin\jli.dll
0x00007ffb79750000 - 0x00007ffb797fe000 	C:\Windows\System32\ADVAPI32.dll
0x00007ffb78500000 - 0x00007ffb7859e000 	C:\Windows\System32\msvcrt.dll
0x00007ffb78e30000 - 0x00007ffb78ecc000 	C:\Windows\System32\sechost.dll
0x00007ffb78bd0000 - 0x00007ffb78cf6000 	C:\Windows\System32\RPCRT4.dll
0x00007ffb78a30000 - 0x00007ffb78bce000 	C:\Windows\System32\USER32.dll
0x00007ffb77300000 - 0x00007ffb77322000 	C:\Windows\System32\win32u.dll
0x00007ffb79b60000 - 0x00007ffb79b8c000 	C:\Windows\System32\GDI32.dll
0x00007ffb77560000 - 0x00007ffb7767a000 	C:\Windows\System32\gdi32full.dll
0x00007ffb77330000 - 0x00007ffb773cd000 	C:\Windows\System32\msvcp_win.dll
0x00007ffb68340000 - 0x00007ffb685da000 	C:\Windows\WinSxS\amd64_microsoft.windows.common-controls_6595b64144ccf1df_6.0.19041.3570_none_60bb2a3971f3e41a\COMCTL32.dll
0x00007ffb71460000 - 0x00007ffb7146a000 	C:\Windows\SYSTEM32\VERSION.dll
0x00007ffb77db0000 - 0x00007ffb77de0000 	C:\Windows\System32\IMM32.DLL
0x00007ffb59620000 - 0x00007ffb5962c000 	C:\Program Files\Java\jdk-19\bin\vcruntime140_1.dll
0x00007ffb38340000 - 0x00007ffb383ce000 	C:\Program Files\Java\jdk-19\bin\msvcp140.dll
0x00007ffb28160000 - 0x00007ffb28e20000 	C:\Program Files\Java\jdk-19\bin\server\jvm.dll
0x00007ffb6e580000 - 0x00007ffb6e589000 	C:\Windows\SYSTEM32\WSOCK32.dll
0x00007ffb6be60000 - 0x00007ffb6be87000 	C:\Windows\SYSTEM32\WINMM.dll
0x00007ffb79990000 - 0x00007ffb799fb000 	C:\Windows\System32\WS2_32.dll
0x00007ffb75090000 - 0x00007ffb750a2000 	C:\Windows\SYSTEM32\kernel.appcore.dll
0x00007ffb50600000 - 0x00007ffb5060a000 	C:\Program Files\Java\jdk-19\bin\jimage.dll
0x00007ffb70660000 - 0x00007ffb70844000 	C:\Windows\SYSTEM32\DBGHELP.DLL
0x00007ffb705c0000 - 0x00007ffb705f4000 	C:\Windows\SYSTEM32\dbgcore.DLL
0x00007ffb773d0000 - 0x00007ffb77452000 	C:\Windows\System32\bcryptPrimitives.dll
0x00007ffb4b380000 - 0x00007ffb4b3a6000 	C:\Program Files\Java\jdk-19\bin\java.dll

dbghelp: loaded successfully - version: 4.0.5 - missing functions: none
symbol engine: initialized successfully - sym options: 0x614 - pdb path: .;C:\Program Files\Java\jdk-19\bin;C:\Windows\SYSTEM32;C:\Windows\WinSxS\amd64_microsoft.windows.common-controls_6595b64144ccf1df_6.0.19041.3570_none_60bb2a3971f3e41a;C:\Program Files\Java\jdk-19\bin\server

VM Arguments:
jvm_args: -XX:+ShowCodeDetailsInExceptionMessages 
java_command: caracteresespeciales
java_class_path (initial): C:\Users\DESARROLLO_UTEA\AppData\Roaming\Code\User\workspaceStorage\59ceef0697475654ad8523832bfe364a\redhat.java\jdt_ws\java.hot_23f264b7\bin
Launcher Type: SUN_STANDARD

[Global flags]
     intx CICompilerCount                          = 4                                         {product} {ergonomic}
     uint ConcGCThreads                            = 2                                         {product} {ergonomic}
     uint G1ConcRefinementThreads                  = 8                                         {product} {ergonomic}
   size_t G1HeapRegionSize                         = 2097152                                   {product} {ergonomic}
    uintx GCDrainStackTargetSize                   = 64                                        {product} {ergonomic}
   size_t InitialHeapSize                          = 268435456                                 {product} {ergonomic}
   size_t MarkStackSize                            = 4194304                                   {product} {ergonomic}
   size_t MaxHeapSize                              = 4280287232                                {product} {ergonomic}
   size_t MinHeapDeltaBytes                        = 2097152                                   {product} {ergonomic}
   size_t MinHeapSize                              = 8388608                                   {product} {ergonomic}
    uintx NonNMethodCodeHeapSize                   = 5839372                                {pd product} {ergonomic}
    uintx NonProfiledCodeHeapSize                  = 122909434                              {pd product} {ergonomic}
    uintx ProfiledCodeHeapSize                     = 122909434                              {pd product} {ergonomic}
    uintx ReservedCodeCacheSize                    = 251658240                              {pd product} {ergonomic}
     bool SegmentedCodeCache                       = true                                      {product} {ergonomic}
     bool ShowCodeDetailsInExceptionMessages       = true                                   {manageable} {command line}
   size_t SoftMaxHeapSize                          = 4280287232                             {manageable} {ergonomic}
     bool UseCompressedClassPointers               = true                           {product lp64_product} {ergonomic}
     bool UseCompressedOops                        = true                           {product lp64_product} {ergonomic}
     bool UseG1GC                                  = true                                      {product} {ergonomic}
     bool UseLargePagesIndividualAllocation        = false                                  {pd product} {ergonomic}

Logging:
Log output configuration:
 #0: stdout all=warning uptime,level,tags foldmultilines=false
 #1: stderr all=off uptime,level,tags foldmultilines=false

Environment Variables:
PATH=C:\Program Files\Common Files\Oracle\Java\javapath;C:\Program Files (x86)\Common Files\Oracle\Java\javapath;C:\Windows\system32;C:\Windows;C:\Windows\System32\Wbem;C:\Windows\System32\WindowsPowerShell\v1.0\;C:\Windows\System32\OpenSSH\;C:\Program Files (x86)\NVIDIA Corporation\PhysX\Common;C:\Program Files\Microsoft SQL Server\120\DTS\Binn\;C:\Program Files\Microsoft SQL Server\Client SDK\ODBC\110\Tools\Binn\;C:\Program Files (x86)\Microsoft SQL Server\120\Tools\Binn\;C:\Program Files\Microsoft SQL Server\120\Tools\Binn\;C:\Program Files (x86)\Microsoft SQL Server\120\Tools\Binn\ManagementStudio\;C:\Program Files (x86)\Microsoft SQL Server\120\DTS\Binn\;C:\Program Files\Git\cmd;C:\Users\DESARROLLO_UTEA\AppData\Local\Microsoft\WindowsApps;;C:\Users\DESARROLLO_UTEA\AppData\Local\Programs\Microsoft VS Code\bin
USERNAME=DESARROLLO_UTEA
LANG=en_US.UTF-8
OS=Windows_NT
PROCESSOR_IDENTIFIER=Intel64 Family 6 Model 60 Stepping 3, GenuineIntel
TMP=C:\Users\DESARR~1\AppData\Local\Temp
TEMP=C:\Users\DESARR~1\AppData\Local\Temp



---------------  S Y S T E M  ---------------

OS:
 Windows 10 , 64 bit Build 19041 (10.0.19041.3570)
OS uptime: 59 days 9:51 hours

CPU: total 8 (initial active 8) (4 cores per cpu, 2 threads per core) family 6 model 60 stepping 3 microcode 0x27, cx8, cmov, fxsr, ht, mmx, sse, sse2, sse3, ssse3, sse4.1, sse4.2, popcnt, lzcnt, tsc, tscinvbit, avx, avx2, aes, erms, clmul, bmi1, bmi2, fma, vzeroupper, clflush, rdtscp

Memory: 4k page, system-wide physical 16321M (633M free)
TotalPageFile size 65473M (AvailPageFile size 212M)
current process WorkingSet (physical memory assigned to process): 10M, peak: 10M
current process commit charge ("private bytes"): 60M, peak: 316M

vm_info: Java HotSpot(TM) 64-Bit Server VM (19.0.1+10-21) for windows-amd64 JRE (19.0.1+10-21), built on 2022-09-14T12:45:06Z by "mach5one" with MS VC++ 17.1 (VS2022)

END.
